This is pdfTeX, Version 3.141592653-2.6-1.40.24 (MiKTeX 22.1) (preloaded format=pdflatex 2025.8.27)  18 SEP 2025 02:12
entering extended mode
 restricted \write18 enabled.
 %&-line parsing enabled.
**./Template.tex
(Template.tex
LaTeX2e <2025-06-01> patch level 1
L3 programming layer <2025-07-20>

(/Users/axion66/Library/Application Support/MiKTeX/texmfs/install/tex/latex/bas
e/article.cls
Document Class: article 2025/01/22 v1.4n Standard LaTeX document class

(/Users/axion66/Library/Application Support/MiKTeX/texmfs/install/tex/latex/bas
e/size10.clo
File: size10.clo 2025/01/22 v1.4n Standard LaTeX file (size option)
)
\c@part=\count275
\c@section=\count276
\c@subsection=\count277
\c@subsubsection=\count278
\c@paragraph=\count279
\c@subparagraph=\count280
\c@figure=\count281
\c@table=\count282
\abovecaptionskip=\skip49
\belowcaptionskip=\skip50
\bibindent=\dimen148
) (spconf.sty)
(/Users/axion66/Library/Application Support/MiKTeX/texmfs/install/tex/latex/ams
math/amsmath.sty
Package: amsmath 2025/06/16 v2.17y AMS math features
\@mathmargin=\skip51

For additional information on amsmath, use the `?' option.

(/Users/axion66/Library/Application Support/MiKTeX/texmfs/install/tex/latex/ams
math/amstext.sty
Package: amstext 2024/11/17 v2.01 AMS text

(/Users/axion66/Library/Application Support/MiKTeX/texmfs/install/tex/latex/ams
math/amsgen.sty
File: amsgen.sty 1999/11/30 v2.0 generic functions
\@emptytoks=\toks17
\ex@=\dimen149
))
(/Users/axion66/Library/Application Support/MiKTeX/texmfs/install/tex/latex/ams
math/amsbsy.sty
Package: amsbsy 1999/11/29 v1.2d Bold Symbols
\pmbraise@=\dimen150
)
(/Users/axion66/Library/Application Support/MiKTeX/texmfs/install/tex/latex/ams
math/amsopn.sty
Package: amsopn 2022/04/08 v2.04 operator names
)
\inf@bad=\count283
LaTeX Info: Redefining \frac on input line 233.
\uproot@=\count284
\leftroot@=\count285
LaTeX Info: Redefining \overline on input line 398.
LaTeX Info: Redefining \colon on input line 409.
\classnum@=\count286
\DOTSCASE@=\count287
LaTeX Info: Redefining \ldots on input line 495.
LaTeX Info: Redefining \dots on input line 498.
LaTeX Info: Redefining \cdots on input line 619.
\Mathstrutbox@=\box53
\strutbox@=\box54
LaTeX Info: Redefining \big on input line 721.
LaTeX Info: Redefining \Big on input line 722.
LaTeX Info: Redefining \bigg on input line 723.
LaTeX Info: Redefining \Bigg on input line 724.
\big@size=\dimen151
LaTeX Font Info:    Redeclaring font encoding OML on input line 742.
LaTeX Font Info:    Redeclaring font encoding OMS on input line 743.
\macc@depth=\count288
LaTeX Info: Redefining \bmod on input line 904.
LaTeX Info: Redefining \pmod on input line 909.
LaTeX Info: Redefining \smash on input line 939.
LaTeX Info: Redefining \relbar on input line 969.
LaTeX Info: Redefining \Relbar on input line 970.
\c@MaxMatrixCols=\count289
\dotsspace@=\muskip17
\c@parentequation=\count290
\dspbrk@lvl=\count291
\tag@help=\toks18
\row@=\count292
\column@=\count293
\maxfields@=\count294
\andhelp@=\toks19
\eqnshift@=\dimen152
\alignsep@=\dimen153
\tagshift@=\dimen154
\tagwidth@=\dimen155
\totwidth@=\dimen156
\lineht@=\dimen157
\@envbody=\toks20
\multlinegap=\skip52
\multlinetaggap=\skip53
\mathdisplay@stack=\toks21
LaTeX Info: Redefining \[ on input line 2949.
LaTeX Info: Redefining \] on input line 2950.
)
(/Users/axion66/Library/Application Support/MiKTeX/texmfs/install/tex/latex/gra
phics/graphicx.sty
Package: graphicx 2024/12/31 v1.2e Enhanced LaTeX Graphics (DPC,SPQR)

(/Users/axion66/Library/Application Support/MiKTeX/texmfs/install/tex/latex/gra
phics/keyval.sty
Package: keyval 2022/05/29 v1.15 key=value parser (DPC)
\KV@toks@=\toks22
)
(/Users/axion66/Library/Application Support/MiKTeX/texmfs/install/tex/latex/gra
phics/graphics.sty
Package: graphics 2024/08/06 v1.4g Standard LaTeX Graphics (DPC,SPQR)

(/Users/axion66/Library/Application Support/MiKTeX/texmfs/install/tex/latex/gra
phics/trig.sty
Package: trig 2023/12/02 v1.11 sin cos tan (DPC)
)
(/Users/axion66/Library/Application Support/MiKTeX/texmfs/install/tex/latex/gra
phics-cfg/graphics.cfg
File: graphics.cfg 2016/06/04 v1.11 sample graphics configuration
)
Package graphics Info: Driver file: pdftex.def on input line 106.

(/Users/axion66/Library/Application Support/MiKTeX/texmfs/install/tex/latex/gra
phics-def/pdftex.def
File: pdftex.def 2024/04/13 v1.2c Graphics/color driver for pdftex
))
\Gin@req@height=\dimen158
\Gin@req@width=\dimen159
)
(/Users/axion66/Library/Application Support/MiKTeX/texmfs/install/tex/latex/hyp
erref/hyperref.sty
Package: hyperref 2025-07-12 v7.01o Hypertext links for LaTeX

(/Users/axion66/Library/Application Support/MiKTeX/texmfs/install/tex/generic/i
ftex/iftex.sty
Package: iftex 2024/12/12 v1.0g TeX engine tests
)
(/Users/axion66/Library/Application Support/MiKTeX/texmfs/install/tex/latex/kvs
etkeys/kvsetkeys.sty
Package: kvsetkeys 2022-10-05 v1.19 Key value parser (HO)
)
(/Users/axion66/Library/Application Support/MiKTeX/texmfs/install/tex/generic/k
vdefinekeys/kvdefinekeys.sty
Package: kvdefinekeys 2019-12-19 v1.6 Define keys (HO)
)
(/Users/axion66/Library/Application Support/MiKTeX/texmfs/install/tex/generic/p
dfescape/pdfescape.sty
Package: pdfescape 2019/12/09 v1.15 Implements pdfTeX's escape features (HO)

(/Users/axion66/Library/Application Support/MiKTeX/texmfs/install/tex/generic/l
txcmds/ltxcmds.sty
Package: ltxcmds 2023-12-04 v1.26 LaTeX kernel commands for general use (HO)
)
(/Users/axion66/Library/Application Support/MiKTeX/texmfs/install/tex/generic/p
dftexcmds/pdftexcmds.sty
Package: pdftexcmds 2020-06-27 v0.33 Utility functions of pdfTeX for LuaTeX (HO
)

(/Users/axion66/Library/Application Support/MiKTeX/texmfs/install/tex/generic/i
nfwarerr/infwarerr.sty
Package: infwarerr 2019/12/03 v1.5 Providing info/warning/error messages (HO)
)
Package pdftexcmds Info: \pdf@primitive is available.
Package pdftexcmds Info: \pdf@ifprimitive is available.
Package pdftexcmds Info: \pdfdraftmode found.
))
(/Users/axion66/Library/Application Support/MiKTeX/texmfs/install/tex/latex/hyc
olor/hycolor.sty
Package: hycolor 2020-01-27 v1.10 Color options for hyperref/bookmark (HO)
)
(/Users/axion66/Library/Application Support/MiKTeX/texmfs/install/tex/latex/hyp
erref/nameref.sty
Package: nameref 2025-06-21 v2.57 Cross-referencing by name of section

(/Users/axion66/Library/Application Support/MiKTeX/texmfs/install/tex/latex/ref
count/refcount.sty
Package: refcount 2019/12/15 v3.6 Data extraction from label references (HO)
)
(/Users/axion66/Library/Application Support/MiKTeX/texmfs/install/tex/generic/g
ettitlestring/gettitlestring.sty
Package: gettitlestring 2019/12/15 v1.6 Cleanup title references (HO)

(/Users/axion66/Library/Application Support/MiKTeX/texmfs/install/tex/latex/kvo
ptions/kvoptions.sty
Package: kvoptions 2022-06-15 v3.15 Key value format for package options (HO)
))
\c@section@level=\count295
)
(/Users/axion66/Library/Application Support/MiKTeX/texmfs/install/tex/latex/eto
olbox/etoolbox.sty
Package: etoolbox 2025/02/11 v2.5l e-TeX tools for LaTeX (JAW)
\etb@tempcnta=\count296
)
(/Users/axion66/Library/Application Support/MiKTeX/texmfs/install/tex/generic/s
tringenc/stringenc.sty
Package: stringenc 2019/11/29 v1.12 Convert strings between diff. encodings (HO
)
)
\@linkdim=\dimen160
\Hy@linkcounter=\count297
\Hy@pagecounter=\count298

(/Users/axion66/Library/Application Support/MiKTeX/texmfs/install/tex/latex/hyp
erref/pd1enc.def
File: pd1enc.def 2025-07-12 v7.01o Hyperref: PDFDocEncoding definition (HO)
Now handling font encoding PD1 ...
... no UTF-8 mapping file for font encoding PD1
)
(/Users/axion66/Library/Application Support/MiKTeX/texmfs/install/tex/generic/i
ntcalc/intcalc.sty
Package: intcalc 2019/12/15 v1.3 Expandable calculations with integers (HO)
)
\Hy@SavedSpaceFactor=\count299

(/Users/axion66/Library/Application Support/MiKTeX/texmfs/install/tex/latex/hyp
erref/puenc.def
File: puenc.def 2025-07-12 v7.01o Hyperref: PDF Unicode definition (HO)
Now handling font encoding PU ...
... no UTF-8 mapping file for font encoding PU
)
Package hyperref Info: Hyper figures OFF on input line 4195.
Package hyperref Info: Link nesting OFF on input line 4200.
Package hyperref Info: Hyper index ON on input line 4203.
Package hyperref Info: Plain pages OFF on input line 4210.
Package hyperref Info: Backreferencing OFF on input line 4215.
Package hyperref Info: Implicit mode ON; LaTeX internals redefined.
Package hyperref Info: Bookmarks ON on input line 4462.
\c@Hy@tempcnt=\count300

(/Users/axion66/Library/Application Support/MiKTeX/texmfs/install/tex/latex/url
/url.sty
\Urlmuskip=\muskip18
Package: url 2013/09/16  ver 3.4  Verb mode for urls, etc.
)
LaTeX Info: Redefining \url on input line 4801.
\XeTeXLinkMargin=\dimen161

(/Users/axion66/Library/Application Support/MiKTeX/texmfs/install/tex/generic/b
itset/bitset.sty
Package: bitset 2019/12/09 v1.3 Handle bit-vector datatype (HO)

(/Users/axion66/Library/Application Support/MiKTeX/texmfs/install/tex/generic/b
igintcalc/bigintcalc.sty
Package: bigintcalc 2019/12/15 v1.5 Expandable calculations on big integers (HO
)
))
\Fld@menulength=\count301
\Field@Width=\dimen162
\Fld@charsize=\dimen163
Package hyperref Info: Hyper figures OFF on input line 6078.
Package hyperref Info: Link nesting OFF on input line 6083.
Package hyperref Info: Hyper index ON on input line 6086.
Package hyperref Info: backreferencing OFF on input line 6093.
Package hyperref Info: Link coloring OFF on input line 6098.
Package hyperref Info: Link coloring with OCG OFF on input line 6103.
Package hyperref Info: PDF/A mode OFF on input line 6108.
\Hy@abspage=\count302
\c@Item=\count303
\c@Hfootnote=\count304
)
Package hyperref Info: Driver (autodetected): hpdftex.

(/Users/axion66/Library/Application Support/MiKTeX/texmfs/install/tex/latex/hyp
erref/hpdftex.def
File: hpdftex.def 2025-07-12 v7.01o Hyperref driver for pdfTeX
\Fld@listcount=\count305
\c@bookmark@seq@number=\count306

(/Users/axion66/Library/Application Support/MiKTeX/texmfs/install/tex/latex/rer
unfilecheck/rerunfilecheck.sty
Package: rerunfilecheck 2025-06-21 v1.11 Rerun checks for auxiliary files (HO)

(/Users/axion66/Library/Application Support/MiKTeX/texmfs/install/tex/generic/u
niquecounter/uniquecounter.sty
Package: uniquecounter 2019/12/15 v1.4 Provide unlimited unique counter (HO)
)
Package uniquecounter Info: New unique counter `rerunfilecheck' on input line 2
84.
)
\Hy@SectionHShift=\skip54
)
(/Users/axion66/Library/Application Support/MiKTeX/texmfs/install/tex/latex/boo
ktabs/booktabs.sty
Package: booktabs 2020/01/12 v1.61803398 Publication quality tables
\heavyrulewidth=\dimen164
\lightrulewidth=\dimen165
\cmidrulewidth=\dimen166
\belowrulesep=\dimen167
\belowbottomsep=\dimen168
\aboverulesep=\dimen169
\abovetopsep=\dimen170
\cmidrulesep=\dimen171
\cmidrulekern=\dimen172
\defaultaddspace=\dimen173
\@cmidla=\count307
\@cmidlb=\count308
\@aboverulesep=\dimen174
\@belowrulesep=\dimen175
\@thisruleclass=\count309
\@lastruleclass=\count310
\@thisrulewidth=\dimen176
)
(/Users/axion66/Library/Application Support/MiKTeX/texmfs/install/tex/latex/mul
tirow/multirow.sty
Package: multirow 2024/11/12 v2.9 Span multiple rows of a table
\multirow@colwidth=\skip55
\multirow@cntb=\count311
\multirow@dima=\skip56
\bigstrutjot=\dimen177
)
(/Users/axion66/Library/Application Support/MiKTeX/texmfs/install/tex/latex/siu
nitx/siunitx.sty
Package: siunitx 2025-07-09 v3.4.14 A comprehensive (SI) units package
\l__siunitx_number_uncert_offset_int=\count312
\l__siunitx_number_exponent_fixed_int=\count313
\l__siunitx_number_min_decimal_int=\count314
\l__siunitx_number_min_integer_int=\count315
\l__siunitx_number_round_precision_int=\count316
\l__siunitx_number_lower_threshold_int=\count317
\l__siunitx_number_upper_threshold_int=\count318
\l__siunitx_number_group_first_int=\count319
\l__siunitx_number_group_size_int=\count320
\l__siunitx_number_group_minimum_int=\count321
\l__siunitx_angle_tmp_dim=\dimen178
\l__siunitx_angle_marker_box=\box55
\l__siunitx_angle_unit_box=\box56
\l__siunitx_compound_count_int=\count322

(/Users/axion66/Library/Application Support/MiKTeX/texmfs/install/tex/latex/tra
nslations/translations.sty
Package: translations 2022/02/05 v1.12 internationalization of LaTeX2e packages
 (CN)
)
\l__siunitx_table_tmp_box=\box57
\l__siunitx_table_tmp_dim=\dimen179
\l__siunitx_table_column_width_dim=\dimen180
\l__siunitx_table_integer_box=\box58
\l__siunitx_table_decimal_box=\box59
\l__siunitx_table_uncert_box=\box60
\l__siunitx_table_before_box=\box61
\l__siunitx_table_after_box=\box62
\l__siunitx_table_before_dim=\dimen181
\l__siunitx_table_carry_dim=\dimen182
\l__siunitx_unit_tmp_int=\count323
\l__siunitx_unit_position_int=\count324
\l__siunitx_unit_total_int=\count325

(/Users/axion66/Library/Application Support/MiKTeX/texmfs/install/tex/latex/too
ls/array.sty
Package: array 2025/06/08 v2.6j Tabular extension package (FMi)
\col@sep=\dimen183
\ar@mcellbox=\box63
\extrarowheight=\dimen184
\NC@list=\toks23
\extratabsurround=\skip57
\backup@length=\skip58
\ar@cellbox=\box64
))
Package translations Info: No language package found. I am going to use `englis
h' as default language. on input line 44.

(/Users/axion66/Library/Application Support/MiKTeX/texmfs/install/tex/latex/gra
phics/color.sty
Package: color 2025/01/14 v1.3e Standard LaTeX Color (DPC)

(/Users/axion66/Library/Application Support/MiKTeX/texmfs/install/tex/latex/gra
phics-cfg/color.cfg
File: color.cfg 2016/01/02 v1.6 sample color configuration
)
Package color Info: Driver file: pdftex.def on input line 149.

(/Users/axion66/Library/Application Support/MiKTeX/texmfs/install/tex/latex/gra
phics/mathcolor.ltx))
LaTeX Font Info:    Trying to load font information for OT1+ptm on input line 4
4.

(/Users/axion66/Library/Application Support/MiKTeX/texmfs/install/tex/latex/psn
fss/ot1ptm.fd
File: ot1ptm.fd 2001/06/04 font definitions for OT1/ptm.
)
(/Users/axion66/Library/Application Support/MiKTeX/texmfs/install/tex/latex/l3b
ackend/l3backend-pdftex.def
File: l3backend-pdftex.def 2025-06-09 L3 backend support: PDF output (pdfTeX)
\l__color_backend_stack_int=\count326
) (Template.aux)
\openout1 = `Template.aux'.

LaTeX Font Info:    Checking defaults for OML/cmm/m/it on input line 44.
LaTeX Font Info:    ... okay on input line 44.
LaTeX Font Info:    Checking defaults for OMS/cmsy/m/n on input line 44.
LaTeX Font Info:    ... okay on input line 44.
LaTeX Font Info:    Checking defaults for OT1/cmr/m/n on input line 44.
LaTeX Font Info:    ... okay on input line 44.
LaTeX Font Info:    Checking defaults for T1/cmr/m/n on input line 44.
LaTeX Font Info:    ... okay on input line 44.
LaTeX Font Info:    Checking defaults for TS1/cmr/m/n on input line 44.
LaTeX Font Info:    ... okay on input line 44.
LaTeX Font Info:    Checking defaults for OMX/cmex/m/n on input line 44.
LaTeX Font Info:    ... okay on input line 44.
LaTeX Font Info:    Checking defaults for U/cmr/m/n on input line 44.
LaTeX Font Info:    ... okay on input line 44.
LaTeX Font Info:    Checking defaults for PD1/pdf/m/n on input line 44.
LaTeX Font Info:    ... okay on input line 44.
LaTeX Font Info:    Checking defaults for PU/pdf/m/n on input line 44.
LaTeX Font Info:    ... okay on input line 44.

(/Users/axion66/Library/Application Support/MiKTeX/texmfs/install/tex/context/b
ase/mkii/supp-pdf.mkii
[Loading MPS to PDF converter (version 2006.09.02).]
\scratchcounter=\count327
\scratchdimen=\dimen185
\scratchbox=\box65
\nofMPsegments=\count328
\nofMParguments=\count329
\everyMPshowfont=\toks24
\MPscratchCnt=\count330
\MPscratchDim=\dimen186
\MPnumerator=\count331
\makeMPintoPDFobject=\count332
\everyMPtoPDFconversion=\toks25
)
(/Users/axion66/Library/Application Support/MiKTeX/texmfs/install/tex/latex/eps
topdf-pkg/epstopdf-base.sty
Package: epstopdf-base 2020-01-24 v2.11 Base part for package epstopdf
Package epstopdf-base Info: Redefining graphics rule for `.eps' on input line 4
85.

(/Users/axion66/Library/Application Support/MiKTeX/texmfs/install/tex/latex/00m
iktex/epstopdf-sys.cfg
File: epstopdf-sys.cfg 2021/03/18 v2.0 Configuration of epstopdf for MiKTeX
))
Package hyperref Info: Link coloring OFF on input line 44.
 (Template.out) (Template.out)
\@outlinefile=\write3
\openout3 = `Template.out'.


(/Users/axion66/Library/Application Support/MiKTeX/texmfs/install/tex/latex/tra
nslations/dicts/translations-basic-dictionary-english.trsl
File: translations-basic-dictionary-english.trsl (english translation file `tra
nslations-basic-dictionary')
)
Package translations Info: loading dictionary `translations-basic-dictionary' f
or `english'. on input line 44.
LaTeX Font Info:    Trying to load font information for OT1+pcr on input line 7
0.

(/Users/axion66/Library/Application Support/MiKTeX/texmfs/install/tex/latex/psn
fss/ot1pcr.fd
File: ot1pcr.fd 2001/06/04 font definitions for OT1/pcr.
)
Overfull \hbox (9.50429pt too wide) in paragraph at lines 66--71
\OT1/ptm/m/n/10 spacing, and related information for producing your proceedings

 []


Overfull \hbox (4.29414pt too wide) in paragraph at lines 66--71
\OT1/ptm/m/n/10 manuscripts. Please follow them and if you have any questions,
 []




Overfull \hbox (16.21356pt too wide) in paragraph at lines 124--126
\OT1/ptm/m/n/10 Subheadings should appear in lower case (initial word capitaliz
ed)
 []


Underfull \hbox (badness 1275) in paragraph at lines 130--134
\OT1/ptm/m/n/10 Sub-subheadings, as in this paragraph, are discouraged.
 []



[1{/Users/axion66/Library/Application Support/MiKTeX/texmfs/data/fonts/map/pdft
ex/pdftex.map}



]

LaTeX Warning: Citation `Lamp86' on page 2 undefined on input line 168.


Overfull \hbox (6.56416pt too wide) in paragraph at lines 166--169
[]\OT1/ptm/m/n/10 Since there are many ways, often incompatible, of including
 []


Overfull \hbox (0.2833pt too wide) in paragraph at lines 166--169
\OT1/ptm/m/n/10 images (e.g., with experimental results) in a LaTeX document,
 []


Underfull \hbox (badness 1231) in paragraph at lines 173--178
\OT1/ptm/m/n/10 help your readers, avoid using footnotes altogether and
 []

<image1.pdf, id=69, 260.53635pt x 62.38908pt>
File: image1.pdf Graphic file (type pdf)
<use image1.pdf>
Package pdftex.def Info: image1.pdf  used on input line 187.
(pdftex.def)             Requested size: 241.84842pt x 57.91461pt.
<image3.pdf, id=70, 215.44188pt x 146.72617pt>
File: image3.pdf Graphic file (type pdf)
<use image3.pdf>
Package pdftex.def Info: image3.pdf  used on input line 194.
(pdftex.def)             Requested size: 113.81102pt x 77.51149pt.
<image4.pdf, id=71, 231.2389pt x 143.39272pt>
File: image4.pdf Graphic file (type pdf)
<use image4.pdf>
Package pdftex.def Info: image4.pdf  used on input line 201.
(pdftex.def)             Requested size: 113.81102pt x 70.57591pt.
(results_table.tex
Overfull \hbox (9.97212pt too wide) in paragraph at lines 10--74
 [][] 
 []

)
Overfull \hbox (2.00336pt too wide) in paragraph at lines 224--227
\OT1/ptm/m/n/10 You must submit your fully completed, signed IEEE electronic
 []




LaTeX Warning: Citation `Lamp86' on page 2 undefined on input line 244.


LaTeX Warning: Citation `C2' on page 2 undefined on input line 245.


Underfull \hbox (badness 1019) in paragraph at lines 239--250
[]\OT1/ptm/m/n/10 You should differentiate what is new and how your
 []



[2 <./image1.pdf> <./image3.pdf> <./image4.pdf>]

LaTeX Warning: Citation `C2' on page 3 undefined on input line 260.


Underfull \hbox (badness 10000) in paragraph at lines 265--266
\OT1/pcr/m/n/10 / / ieee-[]dataport . org / sites / default / files /
 []


Overfull \hbox (1.3063pt too wide) in paragraph at lines 265--266
\OT1/pcr/m/n/10 analysis / 27 / IEEE % 20Citation % 20Guidelines .
 []

No file Template.bbl.




[3

] (Template.aux)
 ***********
LaTeX2e <2025-06-01> patch level 1
L3 programming layer <2025-07-20>
 ***********


LaTeX Warning: There were undefined references.

Package rerunfilecheck Info: File `Template.out' has not changed.
(rerunfilecheck)             Checksum: D90EB715D9A8FE655548A36F62176143;2001.
 ) 
Here is how much of TeX's memory you used:
 13424 strings out of 470075
 272232 string characters out of 2480321
 692996 words of memory out of 3000000
 41640 multiletter control sequences out of 15000+600000
 647419 words of font info for 76 fonts, out of 8000000 for 9000
 0 hyphenation exceptions out of 8191
 75i,11n,79p,489b,1032s stack positions out of 5000i,500n,10000p,200000b,80000s
{/Users/axion66/Library/Application Support/MiKTeX/texmfs/install/fonts/enc/d
vips/base/8r.enc}</Users/axion66/Library/Application Support/MiKTeX/texmfs/inst
all/fonts/type1/public/amsfonts/cm/cmsy10.pfb></Users/axion66/Library/Applicati
on Support/MiKTeX/texmfs/install/fonts/type1/urw/courier/ucrr8a.pfb></Users/axi
on66/Library/Application Support/MiKTeX/texmfs/install/fonts/type1/urw/times/ut
mb8a.pfb></Users/axion66/Library/Application Support/MiKTeX/texmfs/install/font
s/type1/urw/times/utmbi8a.pfb></Users/axion66/Library/Application Support/MiKTe
X/texmfs/install/fonts/type1/urw/times/utmr8a.pfb></Users/axion66/Library/Appli
cation Support/MiKTeX/texmfs/install/fonts/type1/urw/times/utmri8a.pfb>
Output written on Template.pdf (3 pages, 116137 bytes).
PDF statistics:
 144 PDF objects out of 1000 (max. 8388607)
 20 named destinations out of 1000 (max. 500000)
 128 words of extra memory for PDF output out of 10000 (max. 10000000)

